<?xml version="1.0" encoding="UTF-8"?>
<testsuite xmlns:xsi="http://www.w3.org/2001/XMLSchema-instance" xsi:noNamespaceSchemaLocation="https://maven.apache.org/surefire/maven-surefire-plugin/xsd/surefire-test-report.xsd" version="3.0.2" name="com.DateTimeChecker.demo.DateTimeCheckerApplicationTests" time="6.468" tests="1" errors="0" skipped="0" failures="0">
  <properties>
[...]
</properties>
  <testcase name="contextLoads" classname="com.DateTimeChecker.demo.DateTimeCheckerApplicationTests" time="1.642">
    <system-out><![CDATA[10:11:53.168 [main] INFO org.springframework.test.context.support.AnnotationConfigContextLoaderUtils -- Could not detect default configuration classes for test class [com.DateTimeChecker.demo.DateTimeCheckerApplicationTests]: DateTimeCheckerApplicationTests does not declare any static, non-private, non-final, nested classes annotated with @Configuration.
10:11:53.507 [main] INFO org.springframework.boot.test.context.SpringBootTestContextBootstrapper -- Found @SpringBootConfiguration com.DateTimeChecker.demo.DateTimeCheckerApplication for test class com.DateTimeChecker.demo.DateTimeCheckerApplicationTests
10:11:53.990 [main] INFO org.springframework.boot.devtools.restart.RestartApplicationListener -- Restart disabled due to context in which it is running

  .   ____          _            __ _ _
 /\\ / ___'_ __ _ _(_)_ __  __ _ \ \ \ \
( ( )\___ | '_ | '_| | '_ \/ _` | \ \ \ \
 \\/  ___)| |_)| | | | | || (_| |  ) ) ) )
  '  |____| .__|_| |_|_| |_\__, | / / / /
 =========|_|==============|___/=/_/_/_/

 :: Spring Boot ::                (v3.5.6)

2025-10-02T10:11:54.826+07:00  INFO 11144 --- [DateTimeChecker] [           main] c.D.d.DateTimeCheckerApplicationTests    : Starting DateTimeCheckerApplicationTests using Java 24.0.2 with PID 11144 (started by ho huy in C:\Users\ho huy\OneDrive\Documents\GitHub\250925_SWT301_Lab3_Group6\demo)
2025-10-02T10:11:54.830+07:00  INFO 11144 --- [DateTimeChecker] [           main] c.D.d.DateTimeCheckerApplicationTests    : No active profile set, falling back to 1 default profile: "default"
2025-10-02T10:11:56.910+07:00  INFO 11144 --- [DateTimeChecker] [           main] o.s.b.a.w.s.WelcomePageHandlerMapping    : Adding welcome page template: index
2025-10-02T10:11:57.595+07:00  INFO 11144 --- [DateTimeChecker] [           main] c.D.d.DateTimeCheckerApplicationTests    : Started DateTimeCheckerApplicationTests in 3.642 seconds (process running for 6.364)
]]></system-out>
    <system-err><![CDATA[Mockito is currently self-attaching to enable the inline-mock-maker. This will no longer work in future releases of the JDK. Please add Mockito as an agent to your build as described in Mockito's documentation: https://javadoc.io/doc/org.mockito/mockito-core/latest/org.mockito/org/mockito/Mockito.html#0.3
WARNING: A Java agent has been loaded dynamically (C:\Users\ho huy\.m2\repository\net\bytebuddy\byte-buddy-agent\1.17.7\byte-buddy-agent-1.17.7.jar)
WARNING: If a serviceability tool is in use, please run with -XX:+EnableDynamicAgentLoading to hide this warning
WARNING: If a serviceability tool is not in use, please run with -Djdk.instrument.traceUsage for more information
WARNING: Dynamic loading of agents will be disallowed by default in a future release
]]></system-err>
  </testcase>
</testsuite>